#
# There is insufficient memory for the Java Runtime Environment to continue.
# Native memory allocation (malloc) failed to allocate 1073741824 bytes for committing reserved memory.
# Possible reasons:
#   The system is out of physical RAM or swap space
#   In 32 bit mode, the process size limit was hit
# Possible solutions:
#   Reduce memory load on the system
#   Increase physical memory or swap space
#   Check if swap backing store is full
#   Use 64 bit Java on a 64 bit OS
#   Decrease Java heap size (-Xmx/-Xms)
#   Decrease number of Java threads
#   Decrease Java thread stack sizes (-Xss)
#   Set larger code cache with -XX:ReservedCodeCacheSize=
# This output file may be truncated or incomplete.
#
#  Out of Memory Error (os_linux.cpp:2756), pid=6443, tid=139683374487296
#
# JRE version:  (7.0_79-b15) (build )
# Java VM: Java HotSpot(TM) 64-Bit Server VM (24.79-b02 mixed mode linux-amd64 compressed oops)
# Failed to write core dump. Core dumps have been disabled. To enable core dumping, try "ulimit -c unlimited" before starting Java again
#

---------------  T H R E A D  ---------------

Current thread (0x00007f0a8c00c800):  JavaThread "Unknown thread" [_thread_in_vm, id=6446, stack(0x00007f0a91dad000,0x00007f0a91eae000)]

Stack: [0x00007f0a91dad000,0x00007f0a91eae000],  sp=0x00007f0a91eac440,  free space=1021k
Native frames: (J=compiled Java code, j=interpreted, Vv=VM code, C=native code)
V  [libjvm.so+0x9a32da]  VMError::report_and_die()+0x2ea
V  [libjvm.so+0x497f7b]  report_vm_out_of_memory(char const*, int, unsigned long, char const*)+0x9b
V  [libjvm.so+0x81fcce]  os::Linux::commit_memory_impl(char*, unsigned long, bool)+0xfe
V  [libjvm.so+0x820219]  os::pd_commit_memory(char*, unsigned long, unsigned long, bool)+0x29
V  [libjvm.so+0x819faa]  os::commit_memory(char*, unsigned long, unsigned long, bool)+0x2a
V  [libjvm.so+0x99eae9]  VirtualSpace::expand_by(unsigned long, bool)+0x1c9
V  [libjvm.so+0x52c843]  G1CollectedHeap::expand(unsigned long)+0x83
V  [libjvm.so+0x532e65]  G1CollectedHeap::initialize()+0x6c5
V  [libjvm.so+0x9751aa]  Universe::initialize_heap()+0xca
V  [libjvm.so+0x976379]  universe_init()+0x79
V  [libjvm.so+0x5b1d25]  init_globals()+0x65
V  [libjvm.so+0x95dc6d]  Threads::create_vm(JavaVMInitArgs*, bool*)+0x1ed
V  [libjvm.so+0x639fe4]  JNI_CreateJavaVM+0x74
C  [libjli.so+0x2f8e]  JavaMain+0x9e


---------------  P R O C E S S  ---------------

Java Threads: ( => current thread )

Other Threads:

=>0x00007f0a8c00c800 (exited) JavaThread "Unknown thread" [_thread_in_vm, id=6446, stack(0x00007f0a91dad000,0x00007f0a91eae000)]

VM state:not at safepoint (not fully initialized)

VM Mutex/Monitor currently owned by a thread:  ([mutex/lock_event])
[0x00007f0a8c009520] Heap_lock - owner thread: 0x00007f0a8c00c800

GC Heap History (0 events):
No events

Deoptimization events (0 events):
No events

Internal exceptions (0 events):
No events

Events (0 events):
No events


Dynamic libraries:
00400000-00401000 r-xp 00000000 08:01 262184                             /usr/lib/jdk/bin/java
00600000-00601000 rw-p 00000000 08:01 262184                             /usr/lib/jdk/bin/java
00ef3000-00f14000 rw-p 00000000 00:00 0                                  [heap]
fae00000-fc200000 rw-p 00000000 00:00 0 
fc200000-100000000 rw-p 00000000 00:00 0 
7f0a58000000-7f0a58021000 rw-p 00000000 00:00 0 
7f0a58021000-7f0a5c000000 ---p 00000000 00:00 0 
7f0a60000000-7f0a60021000 rw-p 00000000 00:00 0 
7f0a60021000-7f0a64000000 ---p 00000000 00:00 0 
7f0a67fff000-7f0a70000000 rw-p 00000000 00:00 0 
7f0a70000000-7f0a70021000 rw-p 00000000 00:00 0 
7f0a70021000-7f0a74000000 ---p 00000000 00:00 0 
7f0a74000000-7f0a74021000 rw-p 00000000 00:00 0 
7f0a74021000-7f0a78000000 ---p 00000000 00:00 0 
7f0a78000000-7f0a78021000 rw-p 00000000 00:00 0 
7f0a78021000-7f0a7c000000 ---p 00000000 00:00 0 
7f0a7c000000-7f0a7c021000 rw-p 00000000 00:00 0 
7f0a7c021000-7f0a80000000 ---p 00000000 00:00 0 
7f0a80000000-7f0a80021000 rw-p 00000000 00:00 0 
7f0a80021000-7f0a84000000 ---p 00000000 00:00 0 
7f0a84934000-7f0a84b7c000 rw-p 00000000 00:00 0 
7f0a84b7c000-7f0a84b7d000 ---p 00000000 00:00 0 
7f0a84b7d000-7f0a84f0b000 rw-p 00000000 00:00 0                          [stack:6453]
7f0a84f0b000-7f0a84f0c000 ---p 00000000 00:00 0 
7f0a84f0c000-7f0a874e5000 rw-p 00000000 00:00 0                          [stack:6452]
7f0a874e5000-7f0a8770e000 rw-p 00000000 00:00 0 
7f0a8770e000-7f0a87719000 rw-p 00000000 00:00 0 
7f0a87719000-7f0a87938000 rw-p 00000000 00:00 0 
7f0a87938000-7f0a87942000 rw-p 00000000 00:00 0 
7f0a87942000-7f0a87961000 rw-p 00000000 00:00 0 
7f0a87961000-7f0a87962000 rw-p 00000000 00:00 0 
7f0a87962000-7f0a87963000 ---p 00000000 00:00 0 
7f0a87963000-7f0a87a63000 rw-p 00000000 00:00 0                          [stack:6451]
7f0a87a63000-7f0a87a64000 ---p 00000000 00:00 0 
7f0a87a64000-7f0a87b64000 rw-p 00000000 00:00 0                          [stack:6450]
7f0a87b64000-7f0a87b65000 ---p 00000000 00:00 0 
7f0a87b65000-7f0a87e67000 rw-p 00000000 00:00 0                          [stack:6449]
7f0a87e67000-7f0a87e68000 ---p 00000000 00:00 0 
7f0a87e68000-7f0a87f68000 rw-p 00000000 00:00 0                          [stack:6448]
7f0a87f68000-7f0a881d8000 rwxp 00000000 00:00 0 
7f0a881d8000-7f0a8af68000 rw-p 00000000 00:00 0 
7f0a8af68000-7f0a8af82000 r-xp 00000000 08:01 262355                     /usr/lib/jdk/jre/lib/amd64/libzip.so
7f0a8af82000-7f0a8b182000 ---p 0001a000 08:01 262355                     /usr/lib/jdk/jre/lib/amd64/libzip.so
7f0a8b182000-7f0a8b183000 rw-p 0001a000 08:01 262355                     /usr/lib/jdk/jre/lib/amd64/libzip.so
7f0a8b183000-7f0a8b18e000 r-xp 00000000 08:01 3146                       /lib/x86_64-linux-gnu/libnss_files-2.19.so
7f0a8b18e000-7f0a8b38d000 ---p 0000b000 08:01 3146                       /lib/x86_64-linux-gnu/libnss_files-2.19.so
7f0a8b38d000-7f0a8b38e000 r--p 0000a000 08:01 3146                       /lib/x86_64-linux-gnu/libnss_files-2.19.so
7f0a8b38e000-7f0a8b38f000 rw-p 0000b000 08:01 3146                       /lib/x86_64-linux-gnu/libnss_files-2.19.so
7f0a8b38f000-7f0a8b39a000 r-xp 00000000 08:01 3126                       /lib/x86_64-linux-gnu/libnss_nis-2.19.so
7f0a8b39a000-7f0a8b599000 ---p 0000b000 08:01 3126                       /lib/x86_64-linux-gnu/libnss_nis-2.19.so
7f0a8b599000-7f0a8b59a000 r--p 0000a000 08:01 3126                       /lib/x86_64-linux-gnu/libnss_nis-2.19.so
7f0a8b59a000-7f0a8b59b000 rw-p 0000b000 08:01 3126                       /lib/x86_64-linux-gnu/libnss_nis-2.19.so
7f0a8b59b000-7f0a8b5b2000 r-xp 00000000 08:01 3177                       /lib/x86_64-linux-gnu/libnsl-2.19.so
7f0a8b5b2000-7f0a8b7b1000 ---p 00017000 08:01 3177                       /lib/x86_64-linux-gnu/libnsl-2.19.so
7f0a8b7b1000-7f0a8b7b2000 r--p 00016000 08:01 3177                       /lib/x86_64-linux-gnu/libnsl-2.19.so
7f0a8b7b2000-7f0a8b7b3000 rw-p 00017000 08:01 3177                       /lib/x86_64-linux-gnu/libnsl-2.19.so
7f0a8b7b3000-7f0a8b7b5000 rw-p 00000000 00:00 0 
7f0a8b7b5000-7f0a8b7be000 r-xp 00000000 08:01 3092                       /lib/x86_64-linux-gnu/libnss_compat-2.19.so
7f0a8b7be000-7f0a8b9bd000 ---p 00009000 08:01 3092                       /lib/x86_64-linux-gnu/libnss_compat-2.19.so
7f0a8b9bd000-7f0a8b9be000 r--p 00008000 08:01 3092                       /lib/x86_64-linux-gnu/libnss_compat-2.19.so
7f0a8b9be000-7f0a8b9bf000 rw-p 00009000 08:01 3092                       /lib/x86_64-linux-gnu/libnss_compat-2.19.so
7f0a8b9bf000-7f0a8b9e8000 r-xp 00000000 08:01 262324                     /usr/lib/jdk/jre/lib/amd64/libjava.so
7f0a8b9e8000-7f0a8bbe8000 ---p 00029000 08:01 262324                     /usr/lib/jdk/jre/lib/amd64/libjava.so
7f0a8bbe8000-7f0a8bbea000 rw-p 00029000 08:01 262324                     /usr/lib/jdk/jre/lib/amd64/libjava.so
7f0a8bbea000-7f0a8bbf7000 r-xp 00000000 08:01 262354                     /usr/lib/jdk/jre/lib/amd64/libverify.so
7f0a8bbf7000-7f0a8bdf6000 ---p 0000d000 08:01 262354                     /usr/lib/jdk/jre/lib/amd64/libverify.so
7f0a8bdf6000-7f0a8bdf8000 rw-p 0000c000 08:01 262354                     /usr/lib/jdk/jre/lib/amd64/libverify.so
7f0a8bdf8000-7f0a8bdff000 r-xp 00000000 08:01 3150                       /lib/x86_64-linux-gnu/librt-2.19.so
7f0a8bdff000-7f0a8bffe000 ---p 00007000 08:01 3150                       /lib/x86_64-linux-gnu/librt-2.19.so
7f0a8bffe000-7f0a8bfff000 r--p 00006000 08:01 3150                       /lib/x86_64-linux-gnu/librt-2.19.so
7f0a8bfff000-7f0a8c000000 rw-p 00007000 08:01 3150                       /lib/x86_64-linux-gnu/librt-2.19.so
7f0a8c000000-7f0a8c046000 rw-p 00000000 00:00 0 
7f0a8c046000-7f0a90000000 ---p 00000000 00:00 0 
7f0a9001d000-7f0a9001e000 ---p 00000000 00:00 0 
7f0a9001e000-7f0a9011e000 rw-p 00000000 00:00 0                          [stack:6447]
7f0a9011e000-7f0a90223000 r-xp 00000000 08:01 3210                       /lib/x86_64-linux-gnu/libm-2.19.so
7f0a90223000-7f0a90422000 ---p 00105000 08:01 3210                       /lib/x86_64-linux-gnu/libm-2.19.so
7f0a90422000-7f0a90423000 r--p 00104000 08:01 3210                       /lib/x86_64-linux-gnu/libm-2.19.so
7f0a90423000-7f0a90424000 rw-p 00105000 08:01 3210                       /lib/x86_64-linux-gnu/libm-2.19.so
7f0a90424000-7f0a90f99000 r-xp 00000000 08:01 262358                     /usr/lib/jdk/jre/lib/amd64/server/libjvm.so
7f0a90f99000-7f0a91199000 ---p 00b75000 08:01 262358                     /usr/lib/jdk/jre/lib/amd64/server/libjvm.so
7f0a91199000-7f0a9125d000 rw-p 00b75000 08:01 262358                     /usr/lib/jdk/jre/lib/amd64/server/libjvm.so
7f0a9125d000-7f0a9129e000 rw-p 00000000 00:00 0 
7f0a9129e000-7f0a91459000 r-xp 00000000 08:01 3198                       /lib/x86_64-linux-gnu/libc-2.19.so
7f0a91459000-7f0a91658000 ---p 001bb000 08:01 3198                       /lib/x86_64-linux-gnu/libc-2.19.so
7f0a91658000-7f0a9165c000 r--p 001ba000 08:01 3198                       /lib/x86_64-linux-gnu/libc-2.19.so
7f0a9165c000-7f0a9165e000 rw-p 001be000 08:01 3198                       /lib/x86_64-linux-gnu/libc-2.19.so
7f0a9165e000-7f0a91663000 rw-p 00000000 00:00 0 
7f0a91663000-7f0a91666000 r-xp 00000000 08:01 3080                       /lib/x86_64-linux-gnu/libdl-2.19.so
7f0a91666000-7f0a91865000 ---p 00003000 08:01 3080                       /lib/x86_64-linux-gnu/libdl-2.19.so
7f0a91865000-7f0a91866000 r--p 00002000 08:01 3080                       /lib/x86_64-linux-gnu/libdl-2.19.so
7f0a91866000-7f0a91867000 rw-p 00003000 08:01 3080                       /lib/x86_64-linux-gnu/libdl-2.19.so
7f0a91867000-7f0a9187d000 r-xp 00000000 08:01 263039                     /usr/lib/jdk/lib/amd64/jli/libjli.so
7f0a9187d000-7f0a91a7d000 ---p 00016000 08:01 263039                     /usr/lib/jdk/lib/amd64/jli/libjli.so
7f0a91a7d000-7f0a91a7e000 rw-p 00016000 08:01 263039                     /usr/lib/jdk/lib/amd64/jli/libjli.so
7f0a91a7e000-7f0a91a97000 r-xp 00000000 08:01 3108                       /lib/x86_64-linux-gnu/libpthread-2.19.so
7f0a91a97000-7f0a91c96000 ---p 00019000 08:01 3108                       /lib/x86_64-linux-gnu/libpthread-2.19.so
7f0a91c96000-7f0a91c97000 r--p 00018000 08:01 3108                       /lib/x86_64-linux-gnu/libpthread-2.19.so
7f0a91c97000-7f0a91c98000 rw-p 00019000 08:01 3108                       /lib/x86_64-linux-gnu/libpthread-2.19.so
7f0a91c98000-7f0a91c9c000 rw-p 00000000 00:00 0 
7f0a91c9c000-7f0a91cbf000 r-xp 00000000 08:01 3213                       /lib/x86_64-linux-gnu/ld-2.19.so
7f0a91ce5000-7f0a91cef000 rw-p 00000000 00:00 0 
7f0a91cef000-7f0a91da5000 rw-p 00000000 00:00 0 
7f0a91da5000-7f0a91dad000 rw-s 00000000 08:01 273998                     /tmp/hsperfdata_vagrant/6443
7f0a91dad000-7f0a91db0000 ---p 00000000 00:00 0 
7f0a91db0000-7f0a91eb2000 rw-p 00000000 00:00 0                          [stack:6446]
7f0a91eb7000-7f0a91ebb000 rw-p 00000000 00:00 0 
7f0a91ebb000-7f0a91ebc000 r--p 00000000 00:00 0 
7f0a91ebc000-7f0a91ebe000 rw-p 00000000 00:00 0 
7f0a91ebe000-7f0a91ebf000 r--p 00022000 08:01 3213                       /lib/x86_64-linux-gnu/ld-2.19.so
7f0a91ebf000-7f0a91ec0000 rw-p 00023000 08:01 3213                       /lib/x86_64-linux-gnu/ld-2.19.so
7f0a91ec0000-7f0a91ec1000 rw-p 00000000 00:00 0 
7ffee9db0000-7ffee9dd1000 rw-p 00000000 00:00 0                          [stack]
7ffee9deb000-7ffee9ded000 r-xp 00000000 00:00 0                          [vdso]
ffffffffff600000-ffffffffff601000 r-xp 00000000 00:00 0                  [vsyscall]

VM Arguments:
jvm_args: -Xmx1G -Xms1G -XX:+UseG1GC -XX:MaxGCPauseMillis=20 -XX:InitiatingHeapOccupancyPercent=35 -XX:+DisableExplicitGC -Djava.awt.headless=true -Xloggc:/realtime/kafka_2.11-0.9.0.0/bin/../logs/kafkaServer-gc.log -verbose:gc -XX:+PrintGCDetails -XX:+PrintGCDateStamps -XX:+PrintGCTimeStamps -Dcom.sun.management.jmxremote -Dcom.sun.management.jmxremote.authenticate=false -Dcom.sun.management.jmxremote.ssl=false -Dkafka.logs.dir=/realtime/kafka_2.11-0.9.0.0/bin/../logs -Dlog4j.configuration=file:/realtime/kafka_2.11-0.9.0.0/bin/../config/log4j.properties 
java_command: kafka.Kafka /realtime/kafka_2.11-0.9.0.0/config/server-1.properties
Launcher Type: SUN_STANDARD

Environment Variables:
JAVA_HOME=/usr/lib/jdk
JRE_HOME=/usr/lib/jdk/jre
PATH=/usr/local/sbin:/usr/local/bin:/usr/sbin:/usr/bin:/sbin:/bin:/usr/games:/usr/local/games:/usr/lib/jdk/bin:/usr/lib/jdk/jre/bin:/realtime/apache-storm-0.9.4/bin:/realtime/zookeeper-3.4.7/bin:/realtime/kafka_2.11-0.9.0.0/bin
SHELL=/bin/bash
DISPLAY=localhost:15.0

Signal Handlers:
SIGSEGV: [libjvm.so+0x9a3bf0], sa_mask[0]=0x7ffbfeff, sa_flags=0x10000004
SIGBUS: [libjvm.so+0x9a3bf0], sa_mask[0]=0x7ffbfeff, sa_flags=0x10000004
SIGFPE: [libjvm.so+0x81cb60], sa_mask[0]=0x7ffbfeff, sa_flags=0x10000004
SIGPIPE: [libjvm.so+0x81cb60], sa_mask[0]=0x7ffbfeff, sa_flags=0x10000004
SIGXFSZ: [libjvm.so+0x81cb60], sa_mask[0]=0x7ffbfeff, sa_flags=0x10000004
SIGILL: [libjvm.so+0x81cb60], sa_mask[0]=0x7ffbfeff, sa_flags=0x10000004
SIGUSR1: SIG_DFL, sa_mask[0]=0x00000000, sa_flags=0x00000000
SIGUSR2: [libjvm.so+0x81e360], sa_mask[0]=0x00000000, sa_flags=0x10000004
SIGHUP: SIG_DFL, sa_mask[0]=0x00000000, sa_flags=0x00000000
SIGINT: SIG_DFL, sa_mask[0]=0x00000000, sa_flags=0x00000000
SIGTERM: SIG_DFL, sa_mask[0]=0x00000000, sa_flags=0x00000000
SIGQUIT: SIG_DFL, sa_mask[0]=0x00000000, sa_flags=0x00000000


---------------  S Y S T E M  ---------------

OS:jessie/sid

uname:Linux 3.13.0-74-generic #118-Ubuntu SMP Thu Dec 17 22:52:10 UTC 2015 x86_64
libc:glibc 2.19 NPTL 2.19 
rlimit: STACK 8192k, CORE 0k, NPROC 65536, NOFILE 65536, AS infinity
load average:0.19 0.13 0.14

/proc/meminfo:
MemTotal:        1533800 kB
MemFree:          105272 kB
Buffers:           76612 kB
Cached:           409852 kB
SwapCached:            0 kB
Active:          1124852 kB
Inactive:         214756 kB
Active(anon):     853232 kB
Inactive(anon):      736 kB
Active(file):     271620 kB
Inactive(file):   214020 kB
Unevictable:           0 kB
Mlocked:               0 kB
SwapTotal:             0 kB
SwapFree:              0 kB
Dirty:                88 kB
Writeback:             0 kB
AnonPages:        853088 kB
Mapped:            68060 kB
Shmem:               908 kB
Slab:              57084 kB
SReclaimable:      43468 kB
SUnreclaim:        13616 kB
KernelStack:        1984 kB
PageTables:        11576 kB
NFS_Unstable:          0 kB
Bounce:                0 kB
WritebackTmp:          0 kB
CommitLimit:      766900 kB
Committed_AS:    2538004 kB
VmallocTotal:   34359738367 kB
VmallocUsed:       26924 kB
VmallocChunk:   34359705592 kB
HardwareCorrupted:     0 kB
AnonHugePages:         0 kB
HugePages_Total:       0
HugePages_Free:        0
HugePages_Rsvd:        0
HugePages_Surp:        0
Hugepagesize:       2048 kB
DirectMap4k:       38848 kB
DirectMap2M:     1533952 kB


CPU:total 2 (2 cores per cpu, 1 threads per core) family 6 model 42 stepping 7, cmov, cx8, fxsr, mmx, sse, sse2, sse3, ssse3, sse4.1, sse4.2, popcnt, avx, aes, tsc, tscinvbit

/proc/cpuinfo:
processor	: 0
vendor_id	: GenuineIntel
cpu family	: 6
model		: 42
model name	: Intel(R) Core(TM) i5-2520M CPU @ 2.50GHz
stepping	: 7
cpu MHz		: 2491.865
cache size	: 3072 KB
physical id	: 0
siblings	: 2
core id		: 0
cpu cores	: 2
apicid		: 0
initial apicid	: 0
fpu		: yes
fpu_exception	: yes
cpuid level	: 13
wp		: yes
flags		: fpu vme de pse tsc msr pae mce cx8 apic sep mtrr pge mca cmov pat pse36 clflush mmx fxsr sse sse2 ht syscall nx rdtscp lm constant_tsc rep_good nopl xtopology nonstop_tsc pni pclmulqdq ssse3 cx16 sse4_1 sse4_2 popcnt aes xsave avx lahf_lm
bogomips	: 4983.73
clflush size	: 64
cache_alignment	: 64
address sizes	: 36 bits physical, 48 bits virtual
power management:

processor	: 1
vendor_id	: GenuineIntel
cpu family	: 6
model		: 42
model name	: Intel(R) Core(TM) i5-2520M CPU @ 2.50GHz
stepping	: 7
cpu MHz		: 2491.865
cache size	: 3072 KB
physical id	: 0
siblings	: 2
core id		: 1
cpu cores	: 2
apicid		: 1
initial apicid	: 1
fpu		: yes
fpu_exception	: yes
cpuid level	: 13
wp		: yes
flags		: fpu vme de pse tsc msr pae mce cx8 apic sep mtrr pge mca cmov pat pse36 clflush mmx fxsr sse sse2 ht syscall nx rdtscp lm constant_tsc rep_good nopl xtopology nonstop_tsc pni pclmulqdq ssse3 cx16 sse4_1 sse4_2 popcnt aes xsave avx lahf_lm
bogomips	: 4983.73
clflush size	: 64
cache_alignment	: 64
address sizes	: 36 bits physical, 48 bits virtual
power management:



Memory: 4k page, physical 1533800k(105272k free), swap 0k(0k free)

vm_info: Java HotSpot(TM) 64-Bit Server VM (24.79-b02) for linux-amd64 JRE (1.7.0_79-b15), built on Apr 10 2015 11:34:48 by "java_re" with gcc 4.3.0 20080428 (Red Hat 4.3.0-8)

time: Wed Jan 13 07:57:01 2016
elapsed time: 0 seconds

